2023-08-02 21:23:57.099  INFO 18068 --- [main] c.d.d.DatamanagerapiApplication          : Starting DatamanagerapiApplication using Java 17.0.2 on PC-IT-10 with PID 18068 (E:\Personal\Projects\isw-new\api\accounts_manager\build\classes\java\main started by PIVOT PAY in E:\Personal\Projects\isw-new\api\accounts_manager)
2023-08-02 21:23:57.103  INFO 18068 --- [main] c.d.d.DatamanagerapiApplication          : No active profile set, falling back to 1 default profile: "default"
2023-08-02 21:23:58.353  INFO 18068 --- [main] .s.d.r.c.RepositoryConfigurationDelegate : Multiple Spring Data modules found, entering strict repository configuration mode!
2023-08-02 21:23:58.354  INFO 18068 --- [main] .s.d.r.c.RepositoryConfigurationDelegate : Bootstrapping Spring Data JDBC repositories in DEFAULT mode.
2023-08-02 21:23:58.394  INFO 18068 --- [main] .RepositoryConfigurationExtensionSupport : Spring Data JDBC - Could not safely identify store assignment for repository candidate interface com.datamanagerapi.datamanagerapi.DataAccessObjects.InstitutionRepository. If you want this repository to be a JDBC repository, consider annotating your entities with one of these annotations: org.springframework.data.relational.core.mapping.Table.
2023-08-02 21:23:58.411  INFO 18068 --- [main] .RepositoryConfigurationExtensionSupport : Spring Data JDBC - Could not safely identify store assignment for repository candidate interface com.datamanagerapi.datamanagerapi.DataAccessObjects.SystemUserDetailsRepository. If you want this repository to be a JDBC repository, consider annotating your entities with one of these annotations: org.springframework.data.relational.core.mapping.Table.
2023-08-02 21:23:58.412  INFO 18068 --- [main] .s.d.r.c.RepositoryConfigurationDelegate : Finished Spring Data repository scanning in 51 ms. Found 0 JDBC repository interfaces.
2023-08-02 21:23:58.424  INFO 18068 --- [main] .s.d.r.c.RepositoryConfigurationDelegate : Multiple Spring Data modules found, entering strict repository configuration mode!
2023-08-02 21:23:58.425  INFO 18068 --- [main] .s.d.r.c.RepositoryConfigurationDelegate : Bootstrapping Spring Data JPA repositories in DEFAULT mode.
2023-08-02 21:23:58.438  INFO 18068 --- [main] .RepositoryConfigurationExtensionSupport : Spring Data JPA - Could not safely identify store assignment for repository candidate interface com.datamanagerapi.datamanagerapi.DataAccessObjects.InstitutionRepository. If you want this repository to be a JPA repository, consider annotating your entities with one of these annotations: javax.persistence.Entity, javax.persistence.MappedSuperclass (preferred), or consider extending one of the following types with your repository: org.springframework.data.jpa.repository.JpaRepository.
2023-08-02 21:23:58.468  INFO 18068 --- [main] .s.d.r.c.RepositoryConfigurationDelegate : Finished Spring Data repository scanning in 33 ms. Found 1 JPA repository interfaces.
2023-08-02 21:23:59.339  INFO 18068 --- [main] o.s.b.w.embedded.tomcat.TomcatWebServer  : Tomcat initialized with port(s): 8006 (http)
2023-08-02 21:23:59.352  INFO 18068 --- [main] o.apache.catalina.core.StandardService   : Starting service [Tomcat]
2023-08-02 21:23:59.352  INFO 18068 --- [main] org.apache.catalina.core.StandardEngine  : Starting Servlet engine: [Apache Tomcat/9.0.60]
2023-08-02 21:23:59.520  INFO 18068 --- [main] o.a.c.c.C.[Tomcat].[localhost].[/]       : Initializing Spring embedded WebApplicationContext
2023-08-02 21:23:59.521  INFO 18068 --- [main] w.s.c.ServletWebServerApplicationContext : Root WebApplicationContext: initialization completed in 2336 ms
2023-08-02 21:23:59.684  INFO 18068 --- [main] com.zaxxer.hikari.HikariDataSource       : HikariPool-1 - Starting...
2023-08-02 21:23:59.885  INFO 18068 --- [main] com.zaxxer.hikari.HikariDataSource       : HikariPool-1 - Start completed.
2023-08-02 21:23:59.939  INFO 18068 --- [main] o.hibernate.jpa.internal.util.LogHelper  : HHH000204: Processing PersistenceUnitInfo [name: default]
2023-08-02 21:24:00.018  INFO 18068 --- [main] org.hibernate.Version                    : HHH000412: Hibernate ORM core version 5.6.7.Final
2023-08-02 21:24:00.250  INFO 18068 --- [main] o.hibernate.annotations.common.Version   : HCANN000001: Hibernate Commons Annotations {5.1.2.Final}
2023-08-02 21:24:00.458  INFO 18068 --- [main] org.hibernate.dialect.Dialect            : HHH000400: Using dialect: org.hibernate.dialect.MySQL55Dialect
2023-08-02 21:24:01.212  INFO 18068 --- [main] o.h.e.t.j.p.i.JtaPlatformInitiator       : HHH000490: Using JtaPlatform implementation: [org.hibernate.engine.transaction.jta.platform.internal.NoJtaPlatform]
2023-08-02 21:24:01.222  INFO 18068 --- [main] j.LocalContainerEntityManagerFactoryBean : Initialized JPA EntityManagerFactory for persistence unit 'default'
2023-08-02 21:24:01.624  WARN 18068 --- [main] JpaBaseConfiguration$JpaWebConfiguration : spring.jpa.open-in-view is enabled by default. Therefore, database queries may be performed during view rendering. Explicitly configure spring.jpa.open-in-view to disable this warning
2023-08-02 21:24:02.639  INFO 18068 --- [main] o.s.s.web.DefaultSecurityFilterChain     : Will not secure any request
2023-08-02 21:24:02.735  INFO 18068 --- [main] o.s.b.w.embedded.tomcat.TomcatWebServer  : Tomcat started on port(s): 8006 (http) with context path ''
2023-08-02 21:24:02.979  INFO 18068 --- [main] c.d.d.DatamanagerapiApplication          : Started DatamanagerapiApplication in 6.463 seconds (JVM running for 7.321)
2023-08-02 21:24:11.896  INFO 18068 --- [http-nio-8006-exec-2] o.a.c.c.C.[Tomcat].[localhost].[/]       : Initializing Spring DispatcherServlet 'dispatcherServlet'
2023-08-02 21:24:11.896  INFO 18068 --- [http-nio-8006-exec-2] o.s.web.servlet.DispatcherServlet        : Initializing Servlet 'dispatcherServlet'
2023-08-02 21:24:11.897  INFO 18068 --- [http-nio-8006-exec-2] o.s.web.servlet.DispatcherServlet        : Completed initialization in 1 ms
2023-08-02 21:24:12.255  INFO 18068 --- [http-nio-8006-exec-2] c.d.d.services.DataManagerService        : Hashed password: SMPwNSich95pyLgQszlQtcyZThKfaL61SplfAtIO5rM9AUPox38JNeWWmCmJbRwa0wnRxmFlJLWSUqmRwAYlJQ==
2023-08-02 21:24:12.320  INFO 18068 --- [http-nio-8006-exec-2] c.d.d.services.DataManagerService        : Reached here
2023-08-02 21:24:12.390 DEBUG 18068 --- [http-nio-8006-exec-2] org.hibernate.SQL                        : {call GetSystemUserDetails(?, ?)}
2023-08-02 21:24:23.285  INFO 18068 --- [http-nio-8006-exec-6] c.d.d.services.DataManagerService        : Hashed password: SMPwNSich95pyLgQszlQtcyZThKfaL61SplfAtIO5rM9AUPox38JNeWWmCmJbRwa0wnRxmFlJLWSUqmRwAYlJQ==
2023-08-02 21:24:55.884  INFO 18068 --- [SpringApplicationShutdownHook] j.LocalContainerEntityManagerFactoryBean : Closing JPA EntityManagerFactory for persistence unit 'default'
2023-08-02 21:24:55.885  INFO 18068 --- [SpringApplicationShutdownHook] com.zaxxer.hikari.HikariDataSource       : HikariPool-1 - Shutdown initiated...
2023-08-02 21:24:55.892  INFO 18068 --- [SpringApplicationShutdownHook] com.zaxxer.hikari.HikariDataSource       : HikariPool-1 - Shutdown completed.
2023-08-02 21:25:57.470  INFO 36332 --- [main] c.d.d.DatamanagerapiApplication          : Starting DatamanagerapiApplication using Java 17.0.2 on PC-IT-10 with PID 36332 (E:\Personal\Projects\isw-new\api\accounts_manager\build\classes\java\main started by PIVOT PAY in E:\Personal\Projects\isw-new\api\accounts_manager)
2023-08-02 21:25:57.476  INFO 36332 --- [main] c.d.d.DatamanagerapiApplication          : No active profile set, falling back to 1 default profile: "default"
2023-08-02 21:25:58.832  INFO 36332 --- [main] .s.d.r.c.RepositoryConfigurationDelegate : Multiple Spring Data modules found, entering strict repository configuration mode!
2023-08-02 21:25:58.835  INFO 36332 --- [main] .s.d.r.c.RepositoryConfigurationDelegate : Bootstrapping Spring Data JDBC repositories in DEFAULT mode.
2023-08-02 21:25:58.883  INFO 36332 --- [main] .RepositoryConfigurationExtensionSupport : Spring Data JDBC - Could not safely identify store assignment for repository candidate interface com.datamanagerapi.datamanagerapi.DataAccessObjects.InstitutionRepository. If you want this repository to be a JDBC repository, consider annotating your entities with one of these annotations: org.springframework.data.relational.core.mapping.Table.
2023-08-02 21:25:58.889  INFO 36332 --- [main] .RepositoryConfigurationExtensionSupport : Spring Data JDBC - Could not safely identify store assignment for repository candidate interface com.datamanagerapi.datamanagerapi.DataAccessObjects.SystemUserDetailsRepository. If you want this repository to be a JDBC repository, consider annotating your entities with one of these annotations: org.springframework.data.relational.core.mapping.Table.
2023-08-02 21:25:58.890  INFO 36332 --- [main] .s.d.r.c.RepositoryConfigurationDelegate : Finished Spring Data repository scanning in 36 ms. Found 0 JDBC repository interfaces.
2023-08-02 21:25:58.902  INFO 36332 --- [main] .s.d.r.c.RepositoryConfigurationDelegate : Multiple Spring Data modules found, entering strict repository configuration mode!
2023-08-02 21:25:58.903  INFO 36332 --- [main] .s.d.r.c.RepositoryConfigurationDelegate : Bootstrapping Spring Data JPA repositories in DEFAULT mode.
2023-08-02 21:25:58.915  INFO 36332 --- [main] .RepositoryConfigurationExtensionSupport : Spring Data JPA - Could not safely identify store assignment for repository candidate interface com.datamanagerapi.datamanagerapi.DataAccessObjects.InstitutionRepository. If you want this repository to be a JPA repository, consider annotating your entities with one of these annotations: javax.persistence.Entity, javax.persistence.MappedSuperclass (preferred), or consider extending one of the following types with your repository: org.springframework.data.jpa.repository.JpaRepository.
2023-08-02 21:25:58.943  INFO 36332 --- [main] .s.d.r.c.RepositoryConfigurationDelegate : Finished Spring Data repository scanning in 33 ms. Found 1 JPA repository interfaces.
2023-08-02 21:25:59.932  INFO 36332 --- [main] o.s.b.w.embedded.tomcat.TomcatWebServer  : Tomcat initialized with port(s): 8006 (http)
2023-08-02 21:25:59.943  INFO 36332 --- [main] o.apache.catalina.core.StandardService   : Starting service [Tomcat]
2023-08-02 21:25:59.943  INFO 36332 --- [main] org.apache.catalina.core.StandardEngine  : Starting Servlet engine: [Apache Tomcat/9.0.60]
2023-08-02 21:26:00.090  INFO 36332 --- [main] o.a.c.c.C.[Tomcat].[localhost].[/]       : Initializing Spring embedded WebApplicationContext
2023-08-02 21:26:00.091  INFO 36332 --- [main] w.s.c.ServletWebServerApplicationContext : Root WebApplicationContext: initialization completed in 2536 ms
2023-08-02 21:26:00.251  INFO 36332 --- [main] com.zaxxer.hikari.HikariDataSource       : HikariPool-1 - Starting...
2023-08-02 21:26:00.423  INFO 36332 --- [main] com.zaxxer.hikari.HikariDataSource       : HikariPool-1 - Start completed.
2023-08-02 21:26:00.478  INFO 36332 --- [main] o.hibernate.jpa.internal.util.LogHelper  : HHH000204: Processing PersistenceUnitInfo [name: default]
2023-08-02 21:26:00.556  INFO 36332 --- [main] org.hibernate.Version                    : HHH000412: Hibernate ORM core version 5.6.7.Final
2023-08-02 21:26:00.790  INFO 36332 --- [main] o.hibernate.annotations.common.Version   : HCANN000001: Hibernate Commons Annotations {5.1.2.Final}
2023-08-02 21:26:00.959  INFO 36332 --- [main] org.hibernate.dialect.Dialect            : HHH000400: Using dialect: org.hibernate.dialect.MySQL55Dialect
2023-08-02 21:26:01.666  INFO 36332 --- [main] o.h.e.t.j.p.i.JtaPlatformInitiator       : HHH000490: Using JtaPlatform implementation: [org.hibernate.engine.transaction.jta.platform.internal.NoJtaPlatform]
2023-08-02 21:26:01.676  INFO 36332 --- [main] j.LocalContainerEntityManagerFactoryBean : Initialized JPA EntityManagerFactory for persistence unit 'default'
2023-08-02 21:26:02.095  WARN 36332 --- [main] JpaBaseConfiguration$JpaWebConfiguration : spring.jpa.open-in-view is enabled by default. Therefore, database queries may be performed during view rendering. Explicitly configure spring.jpa.open-in-view to disable this warning
2023-08-02 21:26:02.977  INFO 36332 --- [main] o.s.s.web.DefaultSecurityFilterChain     : Will not secure any request
2023-08-02 21:26:03.067  INFO 36332 --- [main] o.s.b.w.embedded.tomcat.TomcatWebServer  : Tomcat started on port(s): 8006 (http) with context path ''
2023-08-02 21:26:03.357  INFO 36332 --- [main] c.d.d.DatamanagerapiApplication          : Started DatamanagerapiApplication in 6.46 seconds (JVM running for 7.477)
2023-08-02 21:26:10.983  INFO 36332 --- [http-nio-8006-exec-2] o.a.c.c.C.[Tomcat].[localhost].[/]       : Initializing Spring DispatcherServlet 'dispatcherServlet'
2023-08-02 21:26:10.983  INFO 36332 --- [http-nio-8006-exec-2] o.s.web.servlet.DispatcherServlet        : Initializing Servlet 'dispatcherServlet'
2023-08-02 21:26:10.984  INFO 36332 --- [http-nio-8006-exec-2] o.s.web.servlet.DispatcherServlet        : Completed initialization in 1 ms
2023-08-02 21:26:11.347  INFO 36332 --- [http-nio-8006-exec-2] c.d.d.services.DataManagerService        : Hashed password: SMPwNSich95pyLgQszlQtcyZThKfaL61SplfAtIO5rM9AUPox38JNeWWmCmJbRwa0wnRxmFlJLWSUqmRwAYlJQ==
2023-08-02 21:26:15.613  INFO 36332 --- [SpringApplicationShutdownHook] j.LocalContainerEntityManagerFactoryBean : Closing JPA EntityManagerFactory for persistence unit 'default'
2023-08-02 21:26:15.613  INFO 36332 --- [SpringApplicationShutdownHook] com.zaxxer.hikari.HikariDataSource       : HikariPool-1 - Shutdown initiated...
2023-08-02 21:26:15.620  INFO 36332 --- [SpringApplicationShutdownHook] com.zaxxer.hikari.HikariDataSource       : HikariPool-1 - Shutdown completed.
2023-08-02 22:51:42.839  INFO 33284 --- [main] c.d.d.DatamanagerapiApplication          : Starting DatamanagerapiApplication using Java 17.0.2 on PC-IT-10 with PID 33284 (E:\Personal\Projects\isw-new\api\accounts_manager\build\classes\java\main started by PIVOT PAY in E:\Personal\Projects\isw-new\api\accounts_manager)
2023-08-02 22:51:42.842  INFO 33284 --- [main] c.d.d.DatamanagerapiApplication          : No active profile set, falling back to 1 default profile: "default"
2023-08-02 22:51:44.148  INFO 33284 --- [main] .s.d.r.c.RepositoryConfigurationDelegate : Multiple Spring Data modules found, entering strict repository configuration mode!
2023-08-02 22:51:44.149  INFO 33284 --- [main] .s.d.r.c.RepositoryConfigurationDelegate : Bootstrapping Spring Data JDBC repositories in DEFAULT mode.
2023-08-02 22:51:44.188  INFO 33284 --- [main] .RepositoryConfigurationExtensionSupport : Spring Data JDBC - Could not safely identify store assignment for repository candidate interface com.datamanagerapi.datamanagerapi.DataAccessObjects.InstitutionRepository. If you want this repository to be a JDBC repository, consider annotating your entities with one of these annotations: org.springframework.data.relational.core.mapping.Table.
2023-08-02 22:51:44.191  INFO 33284 --- [main] .RepositoryConfigurationExtensionSupport : Spring Data JDBC - Could not safely identify store assignment for repository candidate interface com.datamanagerapi.datamanagerapi.DataAccessObjects.SystemUserDetailsRepository. If you want this repository to be a JDBC repository, consider annotating your entities with one of these annotations: org.springframework.data.relational.core.mapping.Table.
2023-08-02 22:51:44.192  INFO 33284 --- [main] .s.d.r.c.RepositoryConfigurationDelegate : Finished Spring Data repository scanning in 36 ms. Found 0 JDBC repository interfaces.
2023-08-02 22:51:44.207  INFO 33284 --- [main] .s.d.r.c.RepositoryConfigurationDelegate : Multiple Spring Data modules found, entering strict repository configuration mode!
2023-08-02 22:51:44.208  INFO 33284 --- [main] .s.d.r.c.RepositoryConfigurationDelegate : Bootstrapping Spring Data JPA repositories in DEFAULT mode.
2023-08-02 22:51:44.252  INFO 33284 --- [main] .s.d.r.c.RepositoryConfigurationDelegate : Finished Spring Data repository scanning in 36 ms. Found 2 JPA repository interfaces.
2023-08-02 22:51:45.370  INFO 33284 --- [main] o.s.b.w.embedded.tomcat.TomcatWebServer  : Tomcat initialized with port(s): 8006 (http)
2023-08-02 22:51:45.380  INFO 33284 --- [main] o.apache.catalina.core.StandardService   : Starting service [Tomcat]
2023-08-02 22:51:45.380  INFO 33284 --- [main] org.apache.catalina.core.StandardEngine  : Starting Servlet engine: [Apache Tomcat/9.0.60]
2023-08-02 22:51:45.572  INFO 33284 --- [main] o.a.c.c.C.[Tomcat].[localhost].[/]       : Initializing Spring embedded WebApplicationContext
2023-08-02 22:51:45.572  INFO 33284 --- [main] w.s.c.ServletWebServerApplicationContext : Root WebApplicationContext: initialization completed in 2658 ms
2023-08-02 22:51:45.722  WARN 33284 --- [main] c.h.i.impl.HazelcastInstanceFactory      : Hazelcast is starting in a Java modular environment (Java 9 and newer) but without proper access to required Java packages. Use additional Java arguments to provide Hazelcast access to Java internal API. The internal API access is used to get the best performance results. Arguments to be used:
 --add-modules java.se --add-exports java.base/jdk.internal.ref=ALL-UNNAMED --add-opens java.base/java.lang=ALL-UNNAMED --add-opens java.base/java.nio=ALL-UNNAMED --add-opens java.base/sun.nio.ch=ALL-UNNAMED --add-opens java.management/sun.management=ALL-UNNAMED --add-opens jdk.management/com.sun.management.internal=ALL-UNNAMED
2023-08-02 22:51:45.835  INFO 33284 --- [main] com.hazelcast.system                     : [192.168.56.1]:5701 [dev] [4.2.4] Hazelcast 4.2.4 (20211220 - 25f0049) starting at [192.168.56.1]:5701
2023-08-02 22:51:46.179  INFO 33284 --- [main] c.h.s.d.integration.DiscoveryService     : [192.168.56.1]:5701 [dev] [4.2.4] No discovery strategy is applicable for auto-detection
2023-08-02 22:51:46.307  INFO 33284 --- [main] com.hazelcast.instance.impl.Node         : [192.168.56.1]:5701 [dev] [4.2.4] Using Multicast discovery
2023-08-02 22:51:46.311  WARN 33284 --- [main] com.hazelcast.cp.CPSubsystem             : [192.168.56.1]:5701 [dev] [4.2.4] CP Subsystem is not enabled. CP data structures will operate in UNSAFE mode! Please note that UNSAFE mode will not provide strong consistency guarantees.
2023-08-02 22:51:46.551  INFO 33284 --- [main] c.h.internal.diagnostics.Diagnostics     : [192.168.56.1]:5701 [dev] [4.2.4] Diagnostics disabled. To enable add -Dhazelcast.diagnostics.enabled=true to the JVM arguments.
2023-08-02 22:51:46.560  INFO 33284 --- [main] com.hazelcast.core.LifecycleService      : [192.168.56.1]:5701 [dev] [4.2.4] [192.168.56.1]:5701 is STARTING
2023-08-02 22:51:49.060  INFO 33284 --- [main] c.h.internal.cluster.ClusterService      : [192.168.56.1]:5701 [dev] [4.2.4] 

Members {size:1, ver:1} [
	Member [192.168.56.1]:5701 - cd5485bf-6e00-435a-a05a-b93d3b5f0250 this
]

2023-08-02 22:51:49.076  INFO 33284 --- [main] com.hazelcast.core.LifecycleService      : [192.168.56.1]:5701 [dev] [4.2.4] [192.168.56.1]:5701 is STARTED
2023-08-02 22:51:49.157  INFO 33284 --- [main] com.zaxxer.hikari.HikariDataSource       : HikariPool-1 - Starting...
2023-08-02 22:51:49.331  INFO 33284 --- [main] com.zaxxer.hikari.HikariDataSource       : HikariPool-1 - Start completed.
2023-08-02 22:51:49.386  INFO 33284 --- [main] o.hibernate.jpa.internal.util.LogHelper  : HHH000204: Processing PersistenceUnitInfo [name: default]
2023-08-02 22:51:49.464  INFO 33284 --- [main] org.hibernate.Version                    : HHH000412: Hibernate ORM core version 5.6.7.Final
2023-08-02 22:51:49.666  INFO 33284 --- [main] o.hibernate.annotations.common.Version   : HCANN000001: Hibernate Commons Annotations {5.1.2.Final}
2023-08-02 22:51:49.847  INFO 33284 --- [main] org.hibernate.dialect.Dialect            : HHH000400: Using dialect: org.hibernate.dialect.MySQL55Dialect
2023-08-02 22:51:50.536  INFO 33284 --- [main] o.h.e.t.j.p.i.JtaPlatformInitiator       : HHH000490: Using JtaPlatform implementation: [org.hibernate.engine.transaction.jta.platform.internal.NoJtaPlatform]
2023-08-02 22:51:50.553  INFO 33284 --- [main] j.LocalContainerEntityManagerFactoryBean : Initialized JPA EntityManagerFactory for persistence unit 'default'
2023-08-02 22:51:51.029  WARN 33284 --- [main] JpaBaseConfiguration$JpaWebConfiguration : spring.jpa.open-in-view is enabled by default. Therefore, database queries may be performed during view rendering. Explicitly configure spring.jpa.open-in-view to disable this warning
2023-08-02 22:51:52.039  INFO 33284 --- [main] o.s.s.web.DefaultSecurityFilterChain     : Will not secure any request
2023-08-02 22:51:52.129  INFO 33284 --- [main] o.s.b.w.embedded.tomcat.TomcatWebServer  : Tomcat started on port(s): 8006 (http) with context path ''
2023-08-02 22:51:52.382  INFO 33284 --- [main] c.d.d.DatamanagerapiApplication          : Started DatamanagerapiApplication in 10.314 seconds (JVM running for 11.093)
2023-08-02 22:52:21.698  INFO 33284 --- [http-nio-8006-exec-2] o.a.c.c.C.[Tomcat].[localhost].[/]       : Initializing Spring DispatcherServlet 'dispatcherServlet'
2023-08-02 22:52:21.698  INFO 33284 --- [http-nio-8006-exec-2] o.s.web.servlet.DispatcherServlet        : Initializing Servlet 'dispatcherServlet'
2023-08-02 22:52:21.700  INFO 33284 --- [http-nio-8006-exec-2] o.s.web.servlet.DispatcherServlet        : Completed initialization in 1 ms
2023-08-02 22:52:22.101 DEBUG 33284 --- [http-nio-8006-exec-2] org.hibernate.SQL                        : select institutio0_.institution_id as institut1_0_, institutio0_.institution_name as institut2_0_, institutio0_.institution_type as institut3_0_ from institution institutio0_
2023-08-02 22:53:09.123  INFO 33284 --- [hz.hazel-instance.HealthMonitor] c.h.internal.diagnostics.HealthMonitor   : [192.168.56.1]:5701 [dev] [4.2.4] processors=8, physical.memory.total=15.7G, physical.memory.free=1.1G, swap.space.total=0, swap.space.free=0, heap.memory.used=49.0M, heap.memory.free=57.0M, heap.memory.total=106.0M, heap.memory.max=3.9G, heap.memory.used/total=46.18%, heap.memory.used/max=1.22%, minor.gc.count=17, minor.gc.time=98ms, major.gc.count=0, major.gc.time=0ms, load.process=0.00%, load.system=73.89%, load.systemAverage=n/a thread.count=79, thread.peakCount=79, cluster.timeDiff=0, event.q.size=0, executor.q.async.size=0, executor.q.client.size=0, executor.q.client.query.size=0, executor.q.client.blocking.size=0, executor.q.query.size=0, executor.q.scheduled.size=0, executor.q.io.size=0, executor.q.system.size=0, executor.q.operations.size=0, executor.q.priorityOperation.size=0, operations.completed.count=1, executor.q.mapLoad.size=0, executor.q.mapLoadAllKeys.size=0, executor.q.cluster.size=0, executor.q.response.size=0, operations.running.count=0, operations.pending.invocations.percentage=0.00%, operations.pending.invocations.count=0, proxy.count=0, clientEndpoint.count=0, connection.active.count=0, client.connection.count=0, connection.count=0
2023-08-02 22:55:05.138 DEBUG 33284 --- [http-nio-8006-exec-4] org.hibernate.SQL                        : select institutio0_.institution_id as institut1_0_, institutio0_.institution_name as institut2_0_, institutio0_.institution_type as institut3_0_ from institution institutio0_
2023-08-02 23:00:35.250  INFO 33284 --- [SpringApplicationShutdownHook] j.LocalContainerEntityManagerFactoryBean : Closing JPA EntityManagerFactory for persistence unit 'default'
2023-08-02 23:00:35.256  INFO 33284 --- [SpringApplicationShutdownHook] com.zaxxer.hikari.HikariDataSource       : HikariPool-1 - Shutdown initiated...
2023-08-02 23:00:35.267  INFO 33284 --- [SpringApplicationShutdownHook] com.zaxxer.hikari.HikariDataSource       : HikariPool-1 - Shutdown completed.
2023-08-02 23:01:00.833  INFO 40524 --- [main] c.d.d.DatamanagerapiApplication          : Starting DatamanagerapiApplication using Java 17.0.2 on PC-IT-10 with PID 40524 (E:\Personal\Projects\isw-new\api\accounts_manager\build\classes\java\main started by PIVOT PAY in E:\Personal\Projects\isw-new\api\accounts_manager)
2023-08-02 23:01:00.839  INFO 40524 --- [main] c.d.d.DatamanagerapiApplication          : No active profile set, falling back to 1 default profile: "default"
2023-08-02 23:01:02.314  INFO 40524 --- [main] .s.d.r.c.RepositoryConfigurationDelegate : Multiple Spring Data modules found, entering strict repository configuration mode!
2023-08-02 23:01:02.315  INFO 40524 --- [main] .s.d.r.c.RepositoryConfigurationDelegate : Bootstrapping Spring Data JDBC repositories in DEFAULT mode.
2023-08-02 23:01:02.359  INFO 40524 --- [main] .RepositoryConfigurationExtensionSupport : Spring Data JDBC - Could not safely identify store assignment for repository candidate interface com.datamanagerapi.datamanagerapi.DataAccessObjects.InstitutionRepository. If you want this repository to be a JDBC repository, consider annotating your entities with one of these annotations: org.springframework.data.relational.core.mapping.Table.
2023-08-02 23:01:02.370  INFO 40524 --- [main] .RepositoryConfigurationExtensionSupport : Spring Data JDBC - Could not safely identify store assignment for repository candidate interface com.datamanagerapi.datamanagerapi.DataAccessObjects.SystemUserDetailsRepository. If you want this repository to be a JDBC repository, consider annotating your entities with one of these annotations: org.springframework.data.relational.core.mapping.Table.
2023-08-02 23:01:02.372  INFO 40524 --- [main] .s.d.r.c.RepositoryConfigurationDelegate : Finished Spring Data repository scanning in 49 ms. Found 0 JDBC repository interfaces.
2023-08-02 23:01:02.381  INFO 40524 --- [main] .s.d.r.c.RepositoryConfigurationDelegate : Multiple Spring Data modules found, entering strict repository configuration mode!
2023-08-02 23:01:02.382  INFO 40524 --- [main] .s.d.r.c.RepositoryConfigurationDelegate : Bootstrapping Spring Data JPA repositories in DEFAULT mode.
2023-08-02 23:01:02.424  INFO 40524 --- [main] .s.d.r.c.RepositoryConfigurationDelegate : Finished Spring Data repository scanning in 34 ms. Found 2 JPA repository interfaces.
2023-08-02 23:01:03.317  INFO 40524 --- [main] o.s.b.w.embedded.tomcat.TomcatWebServer  : Tomcat initialized with port(s): 8006 (http)
2023-08-02 23:01:03.330  INFO 40524 --- [main] o.apache.catalina.core.StandardService   : Starting service [Tomcat]
2023-08-02 23:01:03.331  INFO 40524 --- [main] org.apache.catalina.core.StandardEngine  : Starting Servlet engine: [Apache Tomcat/9.0.60]
2023-08-02 23:01:03.516  INFO 40524 --- [main] o.a.c.c.C.[Tomcat].[localhost].[/]       : Initializing Spring embedded WebApplicationContext
2023-08-02 23:01:03.517  INFO 40524 --- [main] w.s.c.ServletWebServerApplicationContext : Root WebApplicationContext: initialization completed in 2518 ms
2023-08-02 23:01:03.683  WARN 40524 --- [main] c.h.i.impl.HazelcastInstanceFactory      : Hazelcast is starting in a Java modular environment (Java 9 and newer) but without proper access to required Java packages. Use additional Java arguments to provide Hazelcast access to Java internal API. The internal API access is used to get the best performance results. Arguments to be used:
 --add-modules java.se --add-exports java.base/jdk.internal.ref=ALL-UNNAMED --add-opens java.base/java.lang=ALL-UNNAMED --add-opens java.base/java.nio=ALL-UNNAMED --add-opens java.base/sun.nio.ch=ALL-UNNAMED --add-opens java.management/sun.management=ALL-UNNAMED --add-opens jdk.management/com.sun.management.internal=ALL-UNNAMED
2023-08-02 23:01:03.831  INFO 40524 --- [main] com.hazelcast.system                     : [192.168.56.1]:5701 [dev] [4.2.4] Hazelcast 4.2.4 (20211220 - 25f0049) starting at [192.168.56.1]:5701
2023-08-02 23:01:04.261  INFO 40524 --- [main] c.h.s.d.integration.DiscoveryService     : [192.168.56.1]:5701 [dev] [4.2.4] No discovery strategy is applicable for auto-detection
2023-08-02 23:01:04.394  INFO 40524 --- [main] com.hazelcast.instance.impl.Node         : [192.168.56.1]:5701 [dev] [4.2.4] Using Multicast discovery
2023-08-02 23:01:04.399  WARN 40524 --- [main] com.hazelcast.cp.CPSubsystem             : [192.168.56.1]:5701 [dev] [4.2.4] CP Subsystem is not enabled. CP data structures will operate in UNSAFE mode! Please note that UNSAFE mode will not provide strong consistency guarantees.
2023-08-02 23:01:04.717  INFO 40524 --- [main] c.h.internal.diagnostics.Diagnostics     : [192.168.56.1]:5701 [dev] [4.2.4] Diagnostics disabled. To enable add -Dhazelcast.diagnostics.enabled=true to the JVM arguments.
2023-08-02 23:01:04.727  INFO 40524 --- [main] com.hazelcast.core.LifecycleService      : [192.168.56.1]:5701 [dev] [4.2.4] [192.168.56.1]:5701 is STARTING
2023-08-02 23:01:07.087  INFO 40524 --- [main] c.h.internal.cluster.ClusterService      : [192.168.56.1]:5701 [dev] [4.2.4] 

Members {size:1, ver:1} [
	Member [192.168.56.1]:5701 - f334ca5f-1a8e-4725-a8ed-8cad1e885bef this
]

2023-08-02 23:01:07.101  INFO 40524 --- [main] com.hazelcast.core.LifecycleService      : [192.168.56.1]:5701 [dev] [4.2.4] [192.168.56.1]:5701 is STARTED
2023-08-02 23:01:07.193  INFO 40524 --- [main] com.zaxxer.hikari.HikariDataSource       : HikariPool-1 - Starting...
2023-08-02 23:01:07.398  INFO 40524 --- [main] com.zaxxer.hikari.HikariDataSource       : HikariPool-1 - Start completed.
2023-08-02 23:01:07.445  INFO 40524 --- [main] o.hibernate.jpa.internal.util.LogHelper  : HHH000204: Processing PersistenceUnitInfo [name: default]
2023-08-02 23:01:07.545  INFO 40524 --- [main] org.hibernate.Version                    : HHH000412: Hibernate ORM core version 5.6.7.Final
2023-08-02 23:01:07.780  INFO 40524 --- [main] o.hibernate.annotations.common.Version   : HCANN000001: Hibernate Commons Annotations {5.1.2.Final}
2023-08-02 23:01:07.929  INFO 40524 --- [main] org.hibernate.dialect.Dialect            : HHH000400: Using dialect: org.hibernate.dialect.MySQL55Dialect
2023-08-02 23:01:08.689  INFO 40524 --- [main] o.h.e.t.j.p.i.JtaPlatformInitiator       : HHH000490: Using JtaPlatform implementation: [org.hibernate.engine.transaction.jta.platform.internal.NoJtaPlatform]
2023-08-02 23:01:08.702  INFO 40524 --- [main] j.LocalContainerEntityManagerFactoryBean : Initialized JPA EntityManagerFactory for persistence unit 'default'
2023-08-02 23:01:09.181  WARN 40524 --- [main] JpaBaseConfiguration$JpaWebConfiguration : spring.jpa.open-in-view is enabled by default. Therefore, database queries may be performed during view rendering. Explicitly configure spring.jpa.open-in-view to disable this warning
2023-08-02 23:01:10.174  INFO 40524 --- [main] o.s.s.web.DefaultSecurityFilterChain     : Will not secure any request
2023-08-02 23:01:10.262  INFO 40524 --- [main] o.s.b.w.embedded.tomcat.TomcatWebServer  : Tomcat started on port(s): 8006 (http) with context path ''
2023-08-02 23:01:10.539  INFO 40524 --- [main] c.d.d.DatamanagerapiApplication          : Started DatamanagerapiApplication in 10.343 seconds (JVM running for 11.423)
2023-08-02 23:01:16.572  INFO 40524 --- [http-nio-8006-exec-2] o.a.c.c.C.[Tomcat].[localhost].[/]       : Initializing Spring DispatcherServlet 'dispatcherServlet'
2023-08-02 23:01:16.572  INFO 40524 --- [http-nio-8006-exec-2] o.s.web.servlet.DispatcherServlet        : Initializing Servlet 'dispatcherServlet'
2023-08-02 23:01:16.574  INFO 40524 --- [http-nio-8006-exec-2] o.s.web.servlet.DispatcherServlet        : Completed initialization in 2 ms
2023-08-02 23:01:17.133 DEBUG 40524 --- [http-nio-8006-exec-2] org.hibernate.SQL                        : select institutio0_.institution_id as institut1_0_, institutio0_.institution_name as institut2_0_, institutio0_.institution_type as institut3_0_ from institution institutio0_
2023-08-02 23:05:33.631  INFO 40524 --- [hz.ShutdownThread] com.hazelcast.instance.impl.Node         : [192.168.56.1]:5701 [dev] [4.2.4] Running shutdown hook... Current state: ACTIVE
2023-08-02 23:05:33.673  INFO 40524 --- [SpringApplicationShutdownHook] j.LocalContainerEntityManagerFactoryBean : Closing JPA EntityManagerFactory for persistence unit 'default'
2023-08-02 23:05:33.673  INFO 40524 --- [SpringApplicationShutdownHook] com.zaxxer.hikari.HikariDataSource       : HikariPool-1 - Shutdown initiated...
2023-08-02 23:05:33.680  INFO 40524 --- [SpringApplicationShutdownHook] com.zaxxer.hikari.HikariDataSource       : HikariPool-1 - Shutdown completed.
